c:\users\prabudda\documents\visual studio 2015\gpro\gpro\x64\debug\vc140.pdb
c:\users\prabudda\documents\visual studio 2015\gpro\gpro\x64\debug\vc140.idb
c:\users\prabudda\documents\visual studio 2015\gpro\gpro\x64\debug\backgroundsubstract.obj
c:\users\prabudda\documents\visual studio 2015\gpro\gpro\x64\debug\ball_detect.obj
c:\users\prabudda\documents\visual studio 2015\gpro\gpro\x64\debug\flowpyrlk.obj
c:\users\prabudda\documents\visual studio 2015\gpro\gpro\x64\debug\motion.obj
c:\users\prabudda\documents\visual studio 2015\gpro\gpro\x64\debug\patternrecognize.obj
c:\users\prabudda\documents\visual studio 2015\gpro\gpro\x64\debug\resource.obj
c:\users\prabudda\documents\visual studio 2015\gpro\gpro\x64\debug\samples.obj
c:\users\prabudda\documents\visual studio 2015\gpro\gpro\x64\debug\source.obj
c:\users\prabudda\documents\visual studio 2015\gpro\gpro\x64\debug\textdetect.obj
c:\users\prabudda\documents\visual studio 2015\gpro\gpro\x64\debug\tutorials.obj
c:\users\prabudda\documents\visual studio 2015\gpro\x64\debug\gpro.ilk
c:\users\prabudda\documents\visual studio 2015\gpro\x64\debug\gpro.exe
c:\users\prabudda\documents\visual studio 2015\gpro\x64\debug\gpro.pdb
c:\users\prabudda\documents\visual studio 2015\gpro\gpro\x64\debug\gpro.tlog\cl.command.1.tlog
c:\users\prabudda\documents\visual studio 2015\gpro\gpro\x64\debug\gpro.tlog\cl.read.1.tlog
c:\users\prabudda\documents\visual studio 2015\gpro\gpro\x64\debug\gpro.tlog\cl.write.1.tlog
c:\users\prabudda\documents\visual studio 2015\gpro\gpro\x64\debug\gpro.tlog\link.command.1.tlog
c:\users\prabudda\documents\visual studio 2015\gpro\gpro\x64\debug\gpro.tlog\link.read.1.tlog
c:\users\prabudda\documents\visual studio 2015\gpro\gpro\x64\debug\gpro.tlog\link.write.1.tlog
